[2025-11-27T04:00:05.891+0000] {local_task_job_runner.py:123} INFO - ::group::Pre task execution logs
[2025-11-27T04:00:05.913+0000] {taskinstance.py:2612} INFO - Dependencies all met for dep_context=non-requeueable deps ti=<TaskInstance: fetch_weather_dag.fetch_weather scheduled__2025-11-27T03:00:00+00:00 [queued]>
[2025-11-27T04:00:05.922+0000] {taskinstance.py:2612} INFO - Dependencies all met for dep_context=requeueable deps ti=<TaskInstance: fetch_weather_dag.fetch_weather scheduled__2025-11-27T03:00:00+00:00 [queued]>
[2025-11-27T04:00:05.923+0000] {taskinstance.py:2865} INFO - Starting attempt 1 of 1
[2025-11-27T04:00:05.938+0000] {taskinstance.py:2888} INFO - Executing <Task(_PythonDecoratedOperator): fetch_weather> on 2025-11-27 03:00:00+00:00
[2025-11-27T04:00:05.950+0000] {logging_mixin.py:190} WARNING - /home/***/.local/lib/python3.12/site-packages/***/task/task_runner/standard_task_runner.py:70 DeprecationWarning: This process (pid=10690) is multi-threaded, use of fork() may lead to deadlocks in the child.
[2025-11-27T04:00:05.952+0000] {standard_task_runner.py:72} INFO - Started process 10692 to run task
[2025-11-27T04:00:05.950+0000] {standard_task_runner.py:104} INFO - Running: ['***', 'tasks', 'run', 'fetch_weather_dag', 'fetch_weather', 'scheduled__2025-11-27T03:00:00+00:00', '--job-id', '51', '--raw', '--subdir', 'DAGS_FOLDER/fetch_weather_dag.py', '--cfg-path', '/tmp/tmpc1k24vr_']
[2025-11-27T04:00:05.954+0000] {standard_task_runner.py:105} INFO - Job 51: Subtask fetch_weather
[2025-11-27T04:00:06.058+0000] {task_command.py:467} INFO - Running <TaskInstance: fetch_weather_dag.fetch_weather scheduled__2025-11-27T03:00:00+00:00 [running]> on host 7fa3cbb25d21
[2025-11-27T04:00:06.269+0000] {taskinstance.py:3131} INFO - Exporting env vars: AIRFLOW_CTX_DAG_OWNER='***' AIRFLOW_CTX_DAG_ID='fetch_weather_dag' AIRFLOW_CTX_TASK_ID='fetch_weather' AIRFLOW_CTX_EXECUTION_DATE='2025-11-27T03:00:00+00:00' AIRFLOW_CTX_TRY_NUMBER='1' AIRFLOW_CTX_DAG_RUN_ID='scheduled__2025-11-27T03:00:00+00:00'
[2025-11-27T04:00:06.271+0000] {taskinstance.py:731} INFO - ::endgroup::
[2025-11-27T04:00:06.275+0000] {logging_mixin.py:190} INFO - Fetching weather for outlet 1: (40.76, -73.86)
[2025-11-27T04:00:08.835+0000] {logging_mixin.py:190} INFO - Fetching weather for outlet 2: (0.0, 0.0)
[2025-11-27T04:00:09.548+0000] {logging_mixin.py:190} INFO - Fetching weather for outlet 3: (40.81, -73.91)
[2025-11-27T04:00:10.364+0000] {logging_mixin.py:190} INFO - Fetching weather for outlet 4: (40.72, -73.98)
[2025-11-27T04:00:10.977+0000] {logging_mixin.py:190} INFO - Fetching weather for outlet 5: (40.71, -73.87)
[2025-11-27T04:00:11.735+0000] {logging_mixin.py:190} INFO - Fetching weather for outlet 6: (40.79, -73.89)
[2025-11-27T04:00:11.928+0000] {logging_mixin.py:190} INFO - Fetching weather for outlet 7: (40.7, -73.85)
[2025-11-27T04:00:12.119+0000] {logging_mixin.py:190} INFO - Fetching weather for outlet 8: (40.82, -73.97)
[2025-11-27T04:00:12.294+0000] {logging_mixin.py:190} INFO - Fetching weather for outlet 9: (40.73, -73.97)
[2025-11-27T04:00:12.495+0000] {logging_mixin.py:190} INFO - Fetching weather for outlet 10: (40.75, -73.92)
[2025-11-27T04:00:13.077+0000] {logging_mixin.py:190} INFO - Fetching weather for outlet 11: (40.76, -73.96)
[2025-11-27T04:00:13.276+0000] {logging_mixin.py:190} INFO - Fetching weather for outlet 12: (40.79, -73.98)
[2025-11-27T04:00:13.447+0000] {logging_mixin.py:190} INFO - Fetching weather for outlet 13: (40.74, -73.95)
[2025-11-27T04:00:13.620+0000] {logging_mixin.py:190} INFO - Fetching weather for outlet 14: (40.77, -73.88)
[2025-11-27T04:00:13.811+0000] {logging_mixin.py:190} INFO - Fetching weather for outlet 15: (40.73, -73.92)
[2025-11-27T04:00:13.981+0000] {logging_mixin.py:190} INFO - Fetching weather for outlet 16: (40.79, -73.99)
[2025-11-27T04:00:14.166+0000] {logging_mixin.py:190} INFO - Fetching weather for outlet 17: (40.79, -73.97)
[2025-11-27T04:00:14.348+0000] {logging_mixin.py:190} INFO - Fetching weather for outlet 18: (40.71, -73.86)
[2025-11-27T04:00:14.524+0000] {logging_mixin.py:190} INFO - Fetching weather for outlet 19: (40.84, -73.88)
[2025-11-27T04:00:15.232+0000] {logging_mixin.py:190} INFO - Fetching weather for outlet 20: (40.75, -73.99)
[2025-11-27T04:00:15.403+0000] {logging_mixin.py:190} INFO - Fetching weather for outlet 21: (40.8, -73.93)
[2025-11-27T04:00:15.619+0000] {logging_mixin.py:190} INFO - Fetching weather for outlet 22: (40.72, -73.93)
[2025-11-27T04:00:15.770+0000] {logging_mixin.py:190} INFO - Fetching weather for outlet 23: (0.0, 0.0)
[2025-11-27T04:00:15.773+0000] {logging_mixin.py:190} INFO - Fetching weather for outlet 24: (40.71, -73.86)
[2025-11-27T04:00:15.777+0000] {logging_mixin.py:190} INFO - Fetching weather for outlet 25: (40.74, -73.9)
[2025-11-27T04:00:15.955+0000] {logging_mixin.py:190} INFO - Fetching weather for outlet 26: (40.75, -73.92)
[2025-11-27T04:00:15.959+0000] {logging_mixin.py:190} INFO - Fetching weather for outlet 27: (40.78, -73.97)
[2025-11-27T04:00:16.125+0000] {logging_mixin.py:190} INFO - Fetching weather for outlet 28: (40.85, -73.88)
[2025-11-27T04:00:16.995+0000] {logging_mixin.py:190} INFO - Fetching weather for outlet 29: (0.0, 0.0)
[2025-11-27T04:00:17.000+0000] {logging_mixin.py:190} INFO - Fetching weather for outlet 30: (40.84, -73.87)
[2025-11-27T04:00:17.210+0000] {logging_mixin.py:190} INFO - Fetching weather for outlet 31: (40.79, -73.86)
[2025-11-27T04:00:17.494+0000] {logging_mixin.py:190} INFO - Fetching weather for outlet 32: (40.71, -73.97)
[2025-11-27T04:00:17.709+0000] {logging_mixin.py:190} INFO - Fetching weather for outlet 33: (40.71, -73.95)
[2025-11-27T04:00:18.037+0000] {logging_mixin.py:190} INFO - Fetching weather for outlet 34: (40.76, -73.96)
[2025-11-27T04:00:18.048+0000] {logging_mixin.py:190} INFO - Fetching weather for outlet 35: (40.82, -73.95)
[2025-11-27T04:00:18.292+0000] {logging_mixin.py:190} INFO - Fetching weather for outlet 36: (0.0, 0.0)
[2025-11-27T04:00:18.299+0000] {logging_mixin.py:190} INFO - Fetching weather for outlet 37: (40.74, -73.92)
[2025-11-27T04:00:19.129+0000] {logging_mixin.py:190} INFO - Fetching weather for outlet 38: (40.72, -73.88)
[2025-11-27T04:00:19.607+0000] {logging_mixin.py:190} INFO - Fetching weather for outlet 39: (40.71, -73.85)
[2025-11-27T04:00:19.875+0000] {logging_mixin.py:190} INFO - Fetching weather for outlet 40: (40.82, -73.97)
[2025-11-27T04:00:19.884+0000] {logging_mixin.py:190} INFO - Fetching weather for outlet 41: (0.0, 0.0)
[2025-11-27T04:00:19.896+0000] {logging_mixin.py:190} INFO - Fetching weather for outlet 42: (40.7, -73.88)
[2025-11-27T04:00:20.096+0000] {logging_mixin.py:190} INFO - Fetching weather for outlet 43: (40.81, -73.89)
[2025-11-27T04:00:20.264+0000] {logging_mixin.py:190} INFO - Fetching weather for outlet 44: (40.82, -73.99)
[2025-11-27T04:00:20.579+0000] {logging_mixin.py:190} INFO - Fetching weather for outlet 45: (40.75, -73.98)
[2025-11-27T04:00:20.809+0000] {logging_mixin.py:190} INFO - Fetching weather for outlet 46: (40.83, -73.91)
[2025-11-27T04:00:20.976+0000] {logging_mixin.py:190} INFO - Fetching weather for outlet 47: (40.75, -73.99)
[2025-11-27T04:00:20.980+0000] {logging_mixin.py:190} INFO - Fetching weather for outlet 48: (40.75, -73.95)
[2025-11-27T04:00:21.301+0000] {logging_mixin.py:190} INFO - Fetching weather for outlet 49: (40.81, -73.9)
[2025-11-27T04:00:21.332+0000] {taskinstance.py:3310} ERROR - Task failed with exception
Traceback (most recent call last):
  File "/home/airflow/.local/lib/python3.12/site-packages/openmeteo_requests/Client.py", line 88, in weather_api
    return self._request(
           ^^^^^^^^^^^^^^
  File "/home/airflow/.local/lib/python3.12/site-packages/openmeteo_requests/Client.py", line 72, in _request
    raise OpenMeteoRequestsError(response_body)
openmeteo_requests.Client.OpenMeteoRequestsError: {'error': True, 'reason': 'Minutely API request limit exceeded. Please try again in one minute.'}

The above exception was the direct cause of the following exception:

Traceback (most recent call last):
  File "/home/airflow/.local/lib/python3.12/site-packages/airflow/models/taskinstance.py", line 767, in _execute_task
    result = _execute_callable(context=context, **execute_callable_kwargs)
             ^^^^^^^^^^^^^^^^^^^^^^^^^^^^^^^^^^^^^^^^^^^^^^^^^^^^^^^^^^^^^
  File "/home/airflow/.local/lib/python3.12/site-packages/airflow/models/taskinstance.py", line 733, in _execute_callable
    return ExecutionCallableRunner(
           ^^^^^^^^^^^^^^^^^^^^^^^^
  File "/home/airflow/.local/lib/python3.12/site-packages/airflow/utils/operator_helpers.py", line 252, in run
    return self.func(*args, **kwargs)
           ^^^^^^^^^^^^^^^^^^^^^^^^^^
  File "/home/airflow/.local/lib/python3.12/site-packages/airflow/models/baseoperator.py", line 406, in wrapper
    return func(self, *args, **kwargs)
           ^^^^^^^^^^^^^^^^^^^^^^^^^^^
  File "/home/airflow/.local/lib/python3.12/site-packages/airflow/decorators/base.py", line 266, in execute
    return_value = super().execute(context)
                   ^^^^^^^^^^^^^^^^^^^^^^^^
  File "/home/airflow/.local/lib/python3.12/site-packages/airflow/models/baseoperator.py", line 406, in wrapper
    return func(self, *args, **kwargs)
           ^^^^^^^^^^^^^^^^^^^^^^^^^^^
  File "/home/airflow/.local/lib/python3.12/site-packages/airflow/operators/python.py", line 238, in execute
    return_value = self.execute_callable()
                   ^^^^^^^^^^^^^^^^^^^^^^^
  File "/home/airflow/.local/lib/python3.12/site-packages/airflow/operators/python.py", line 256, in execute_callable
    return runner.run(*self.op_args, **self.op_kwargs)
           ^^^^^^^^^^^^^^^^^^^^^^^^^^^^^^^^^^^^^^^^^^^
  File "/home/airflow/.local/lib/python3.12/site-packages/airflow/utils/operator_helpers.py", line 252, in run
    return self.func(*args, **kwargs)
           ^^^^^^^^^^^^^^^^^^^^^^^^^^
  File "/opt/airflow/dags/fetch_weather_dag.py", line 114, in fetch_weather
    df1 = fetch_hourly_weather(lat, lon)
          ^^^^^^^^^^^^^^^^^^^^^^^^^^^^^^
  File "/opt/airflow/dags/fetch_weather_dag.py", line 43, in fetch_hourly_weather
    responses = openmeteo.weather_api(url, params=params)
                ^^^^^^^^^^^^^^^^^^^^^^^^^^^^^^^^^^^^^^^^^
  File "/home/airflow/.local/lib/python3.12/site-packages/openmeteo_requests/Client.py", line 97, in weather_api
    raise OpenMeteoRequestsError(msg) from e
openmeteo_requests.Client.OpenMeteoRequestsError: failed to request 'https://historical-forecast-api.open-meteo.com/v1/forecast': {'error': True, 'reason': 'Minutely API request limit exceeded. Please try again in one minute.'}
[2025-11-27T04:00:21.359+0000] {taskinstance.py:1225} INFO - Marking task as FAILED. dag_id=fetch_weather_dag, task_id=fetch_weather, run_id=scheduled__2025-11-27T03:00:00+00:00, execution_date=20251127T030000, start_date=20251127T040005, end_date=20251127T040021
[2025-11-27T04:00:21.376+0000] {taskinstance.py:340} INFO - ::group::Post task execution logs
[2025-11-27T04:00:21.377+0000] {standard_task_runner.py:124} ERROR - Failed to execute job 51 for task fetch_weather (failed to request 'https://historical-forecast-api.open-meteo.com/v1/forecast': {'error': True, 'reason': 'Minutely API request limit exceeded. Please try again in one minute.'}; 10692)
Traceback (most recent call last):
  File "/home/airflow/.local/lib/python3.12/site-packages/openmeteo_requests/Client.py", line 88, in weather_api
    return self._request(
           ^^^^^^^^^^^^^^
  File "/home/airflow/.local/lib/python3.12/site-packages/openmeteo_requests/Client.py", line 72, in _request
    raise OpenMeteoRequestsError(response_body)
openmeteo_requests.Client.OpenMeteoRequestsError: {'error': True, 'reason': 'Minutely API request limit exceeded. Please try again in one minute.'}

The above exception was the direct cause of the following exception:

Traceback (most recent call last):
  File "/home/airflow/.local/lib/python3.12/site-packages/airflow/task/task_runner/standard_task_runner.py", line 117, in _start_by_fork
    ret = args.func(args, dag=self.dag)
          ^^^^^^^^^^^^^^^^^^^^^^^^^^^^^
  File "/home/airflow/.local/lib/python3.12/site-packages/airflow/cli/cli_config.py", line 49, in command
    return func(*args, **kwargs)
           ^^^^^^^^^^^^^^^^^^^^^
  File "/home/airflow/.local/lib/python3.12/site-packages/airflow/utils/cli.py", line 115, in wrapper
    return f(*args, **kwargs)
           ^^^^^^^^^^^^^^^^^^
  File "/home/airflow/.local/lib/python3.12/site-packages/airflow/cli/commands/task_command.py", line 483, in task_run
    task_return_code = _run_task_by_selected_method(args, _dag, ti)
                       ^^^^^^^^^^^^^^^^^^^^^^^^^^^^^^^^^^^^^^^^^^^^
  File "/home/airflow/.local/lib/python3.12/site-packages/airflow/cli/commands/task_command.py", line 256, in _run_task_by_selected_method
    return _run_raw_task(args, ti)
           ^^^^^^^^^^^^^^^^^^^^^^^
  File "/home/airflow/.local/lib/python3.12/site-packages/airflow/cli/commands/task_command.py", line 341, in _run_raw_task
    return ti._run_raw_task(
           ^^^^^^^^^^^^^^^^^
  File "/home/airflow/.local/lib/python3.12/site-packages/airflow/utils/session.py", line 97, in wrapper
    return func(*args, session=session, **kwargs)
           ^^^^^^^^^^^^^^^^^^^^^^^^^^^^^^^^^^^^^^
  File "/home/airflow/.local/lib/python3.12/site-packages/airflow/models/taskinstance.py", line 3004, in _run_raw_task
    return _run_raw_task(
           ^^^^^^^^^^^^^^
  File "/home/airflow/.local/lib/python3.12/site-packages/airflow/models/taskinstance.py", line 273, in _run_raw_task
    TaskInstance._execute_task_with_callbacks(
  File "/home/airflow/.local/lib/python3.12/site-packages/airflow/models/taskinstance.py", line 3158, in _execute_task_with_callbacks
    result = self._execute_task(context, task_orig)
             ^^^^^^^^^^^^^^^^^^^^^^^^^^^^^^^^^^^^^^
  File "/home/airflow/.local/lib/python3.12/site-packages/airflow/models/taskinstance.py", line 3182, in _execute_task
    return _execute_task(self, context, task_orig)
           ^^^^^^^^^^^^^^^^^^^^^^^^^^^^^^^^^^^^^^^
  File "/home/airflow/.local/lib/python3.12/site-packages/airflow/models/taskinstance.py", line 767, in _execute_task
    result = _execute_callable(context=context, **execute_callable_kwargs)
             ^^^^^^^^^^^^^^^^^^^^^^^^^^^^^^^^^^^^^^^^^^^^^^^^^^^^^^^^^^^^^
  File "/home/airflow/.local/lib/python3.12/site-packages/airflow/models/taskinstance.py", line 733, in _execute_callable
    return ExecutionCallableRunner(
           ^^^^^^^^^^^^^^^^^^^^^^^^
  File "/home/airflow/.local/lib/python3.12/site-packages/airflow/utils/operator_helpers.py", line 252, in run
    return self.func(*args, **kwargs)
           ^^^^^^^^^^^^^^^^^^^^^^^^^^
  File "/home/airflow/.local/lib/python3.12/site-packages/airflow/models/baseoperator.py", line 406, in wrapper
    return func(self, *args, **kwargs)
           ^^^^^^^^^^^^^^^^^^^^^^^^^^^
  File "/home/airflow/.local/lib/python3.12/site-packages/airflow/decorators/base.py", line 266, in execute
    return_value = super().execute(context)
                   ^^^^^^^^^^^^^^^^^^^^^^^^
  File "/home/airflow/.local/lib/python3.12/site-packages/airflow/models/baseoperator.py", line 406, in wrapper
    return func(self, *args, **kwargs)
           ^^^^^^^^^^^^^^^^^^^^^^^^^^^
  File "/home/airflow/.local/lib/python3.12/site-packages/airflow/operators/python.py", line 238, in execute
    return_value = self.execute_callable()
                   ^^^^^^^^^^^^^^^^^^^^^^^
  File "/home/airflow/.local/lib/python3.12/site-packages/airflow/operators/python.py", line 256, in execute_callable
    return runner.run(*self.op_args, **self.op_kwargs)
           ^^^^^^^^^^^^^^^^^^^^^^^^^^^^^^^^^^^^^^^^^^^
  File "/home/airflow/.local/lib/python3.12/site-packages/airflow/utils/operator_helpers.py", line 252, in run
    return self.func(*args, **kwargs)
           ^^^^^^^^^^^^^^^^^^^^^^^^^^
  File "/opt/airflow/dags/fetch_weather_dag.py", line 114, in fetch_weather
    df1 = fetch_hourly_weather(lat, lon)
          ^^^^^^^^^^^^^^^^^^^^^^^^^^^^^^
  File "/opt/airflow/dags/fetch_weather_dag.py", line 43, in fetch_hourly_weather
    responses = openmeteo.weather_api(url, params=params)
                ^^^^^^^^^^^^^^^^^^^^^^^^^^^^^^^^^^^^^^^^^
  File "/home/airflow/.local/lib/python3.12/site-packages/openmeteo_requests/Client.py", line 97, in weather_api
    raise OpenMeteoRequestsError(msg) from e
openmeteo_requests.Client.OpenMeteoRequestsError: failed to request 'https://historical-forecast-api.open-meteo.com/v1/forecast': {'error': True, 'reason': 'Minutely API request limit exceeded. Please try again in one minute.'}
[2025-11-27T04:00:21.411+0000] {local_task_job_runner.py:266} INFO - Task exited with return code 1
[2025-11-27T04:00:21.434+0000] {taskinstance.py:3900} INFO - 0 downstream tasks scheduled from follow-on schedule check
[2025-11-27T04:00:21.439+0000] {local_task_job_runner.py:245} INFO - ::endgroup::
