[2025-11-26T10:17:27.677+0000] {local_task_job_runner.py:123} INFO - ::group::Pre task execution logs
[2025-11-26T10:17:27.711+0000] {taskinstance.py:2612} INFO - Dependencies all met for dep_context=non-requeueable deps ti=<TaskInstance: fetch_weather_dag.load_weather_task manual__2025-11-26T10:17:10.954988+00:00 [queued]>
[2025-11-26T10:17:27.724+0000] {taskinstance.py:2612} INFO - Dependencies all met for dep_context=requeueable deps ti=<TaskInstance: fetch_weather_dag.load_weather_task manual__2025-11-26T10:17:10.954988+00:00 [queued]>
[2025-11-26T10:17:27.725+0000] {taskinstance.py:2865} INFO - Starting attempt 1 of 1
[2025-11-26T10:17:27.751+0000] {taskinstance.py:2888} INFO - Executing <Task(PythonOperator): load_weather_task> on 2025-11-26 10:17:10.954988+00:00
[2025-11-26T10:17:27.826+0000] {logging_mixin.py:190} WARNING - /home/***/.local/lib/python3.12/site-packages/***/task/task_runner/standard_task_runner.py:70 DeprecationWarning: This process (pid=360) is multi-threaded, use of fork() may lead to deadlocks in the child.
[2025-11-26T10:17:27.829+0000] {standard_task_runner.py:72} INFO - Started process 372 to run task
[2025-11-26T10:17:27.824+0000] {standard_task_runner.py:104} INFO - Running: ['***', 'tasks', 'run', 'fetch_weather_dag', 'load_weather_task', 'manual__2025-11-26T10:17:10.954988+00:00', '--job-id', '21', '--raw', '--subdir', 'DAGS_FOLDER/fetch_weather_dag.py', '--cfg-path', '/tmp/tmpzmgzwd_f']
[2025-11-26T10:17:27.831+0000] {standard_task_runner.py:105} INFO - Job 21: Subtask load_weather_task
[2025-11-26T10:17:27.973+0000] {task_command.py:467} INFO - Running <TaskInstance: fetch_weather_dag.load_weather_task manual__2025-11-26T10:17:10.954988+00:00 [running]> on host 0620048c104a
[2025-11-26T10:17:28.131+0000] {taskinstance.py:3131} INFO - Exporting env vars: AIRFLOW_CTX_DAG_OWNER='***' AIRFLOW_CTX_DAG_ID='fetch_weather_dag' AIRFLOW_CTX_TASK_ID='load_weather_task' AIRFLOW_CTX_EXECUTION_DATE='2025-11-26T10:17:10.954988+00:00' AIRFLOW_CTX_TRY_NUMBER='1' AIRFLOW_CTX_DAG_RUN_ID='manual__2025-11-26T10:17:10.954988+00:00'
[2025-11-26T10:17:28.133+0000] {taskinstance.py:731} INFO - ::endgroup::
[2025-11-26T10:17:28.235+0000] {crypto.py:82} WARNING - empty cryptography key - values will not be stored encrypted.
[2025-11-26T10:17:28.237+0000] {base.py:84} INFO - Retrieving connection '***_dbt'
[2025-11-26T10:17:28.275+0000] {base.py:84} INFO - Retrieving connection '***_dbt'
[2025-11-26T10:17:28.442+0000] {taskinstance.py:3310} ERROR - Task failed with exception
Traceback (most recent call last):
  File "/home/airflow/.local/lib/python3.12/site-packages/sqlalchemy/engine/base.py", line 1890, in _execute_context
    self.dialect.do_executemany(
  File "/home/airflow/.local/lib/python3.12/site-packages/sqlalchemy/dialects/postgresql/psycopg2.py", line 982, in do_executemany
    context._psycopg2_fetched_rows = xtras.execute_values(
                                     ^^^^^^^^^^^^^^^^^^^^^
  File "/home/airflow/.local/lib/python3.12/site-packages/psycopg2/extras.py", line 1299, in execute_values
    cur.execute(b''.join(parts))
psycopg2.errors.UndefinedColumn: column "timestamp" of relation "raw_weather_hourly" does not exist
LINE 1: ...NSERT INTO dbttest.raw_weather_hourly (outlet_id, timestamp,...
                                                             ^


The above exception was the direct cause of the following exception:

Traceback (most recent call last):
  File "/home/airflow/.local/lib/python3.12/site-packages/airflow/models/taskinstance.py", line 767, in _execute_task
    result = _execute_callable(context=context, **execute_callable_kwargs)
             ^^^^^^^^^^^^^^^^^^^^^^^^^^^^^^^^^^^^^^^^^^^^^^^^^^^^^^^^^^^^^
  File "/home/airflow/.local/lib/python3.12/site-packages/airflow/models/taskinstance.py", line 733, in _execute_callable
    return ExecutionCallableRunner(
           ^^^^^^^^^^^^^^^^^^^^^^^^
  File "/home/airflow/.local/lib/python3.12/site-packages/airflow/utils/operator_helpers.py", line 252, in run
    return self.func(*args, **kwargs)
           ^^^^^^^^^^^^^^^^^^^^^^^^^^
  File "/home/airflow/.local/lib/python3.12/site-packages/airflow/models/baseoperator.py", line 406, in wrapper
    return func(self, *args, **kwargs)
           ^^^^^^^^^^^^^^^^^^^^^^^^^^^
  File "/home/airflow/.local/lib/python3.12/site-packages/airflow/operators/python.py", line 238, in execute
    return_value = self.execute_callable()
                   ^^^^^^^^^^^^^^^^^^^^^^^
  File "/home/airflow/.local/lib/python3.12/site-packages/airflow/operators/python.py", line 256, in execute_callable
    return runner.run(*self.op_args, **self.op_kwargs)
           ^^^^^^^^^^^^^^^^^^^^^^^^^^^^^^^^^^^^^^^^^^^
  File "/home/airflow/.local/lib/python3.12/site-packages/airflow/utils/operator_helpers.py", line 252, in run
    return self.func(*args, **kwargs)
           ^^^^^^^^^^^^^^^^^^^^^^^^^^
  File "/opt/airflow/dags/fetch_weather_dag.py", line 69, in load_weather
    df.to_sql(
  File "/home/airflow/.local/lib/python3.12/site-packages/pandas/util/_decorators.py", line 333, in wrapper
    return func(*args, **kwargs)
           ^^^^^^^^^^^^^^^^^^^^^
  File "/home/airflow/.local/lib/python3.12/site-packages/pandas/core/generic.py", line 3008, in to_sql
    return sql.to_sql(
           ^^^^^^^^^^^
  File "/home/airflow/.local/lib/python3.12/site-packages/pandas/io/sql.py", line 788, in to_sql
    return pandas_sql.to_sql(
           ^^^^^^^^^^^^^^^^^^
  File "/home/airflow/.local/lib/python3.12/site-packages/pandas/io/sql.py", line 1958, in to_sql
    total_inserted = sql_engine.insert_records(
                     ^^^^^^^^^^^^^^^^^^^^^^^^^^
  File "/home/airflow/.local/lib/python3.12/site-packages/pandas/io/sql.py", line 1507, in insert_records
    raise err
  File "/home/airflow/.local/lib/python3.12/site-packages/pandas/io/sql.py", line 1498, in insert_records
    return table.insert(chunksize=chunksize, method=method)
           ^^^^^^^^^^^^^^^^^^^^^^^^^^^^^^^^^^^^^^^^^^^^^^^^
  File "/home/airflow/.local/lib/python3.12/site-packages/pandas/io/sql.py", line 1059, in insert
    num_inserted = exec_insert(conn, keys, chunk_iter)
                   ^^^^^^^^^^^^^^^^^^^^^^^^^^^^^^^^^^^
  File "/home/airflow/.local/lib/python3.12/site-packages/pandas/io/sql.py", line 951, in _execute_insert
    result = conn.execute(self.table.insert(), data)
             ^^^^^^^^^^^^^^^^^^^^^^^^^^^^^^^^^^^^^^^
  File "/home/airflow/.local/lib/python3.12/site-packages/sqlalchemy/engine/base.py", line 1385, in execute
    return meth(self, multiparams, params, _EMPTY_EXECUTION_OPTS)
           ^^^^^^^^^^^^^^^^^^^^^^^^^^^^^^^^^^^^^^^^^^^^^^^^^^^^^^
  File "/home/airflow/.local/lib/python3.12/site-packages/sqlalchemy/sql/elements.py", line 334, in _execute_on_connection
    return connection._execute_clauseelement(
           ^^^^^^^^^^^^^^^^^^^^^^^^^^^^^^^^^^
  File "/home/airflow/.local/lib/python3.12/site-packages/sqlalchemy/engine/base.py", line 1577, in _execute_clauseelement
    ret = self._execute_context(
          ^^^^^^^^^^^^^^^^^^^^^^
  File "/home/airflow/.local/lib/python3.12/site-packages/sqlalchemy/engine/base.py", line 1953, in _execute_context
    self._handle_dbapi_exception(
  File "/home/airflow/.local/lib/python3.12/site-packages/sqlalchemy/engine/base.py", line 2134, in _handle_dbapi_exception
    util.raise_(
  File "/home/airflow/.local/lib/python3.12/site-packages/sqlalchemy/util/compat.py", line 211, in raise_
    raise exception
  File "/home/airflow/.local/lib/python3.12/site-packages/sqlalchemy/engine/base.py", line 1890, in _execute_context
    self.dialect.do_executemany(
  File "/home/airflow/.local/lib/python3.12/site-packages/sqlalchemy/dialects/postgresql/psycopg2.py", line 982, in do_executemany
    context._psycopg2_fetched_rows = xtras.execute_values(
                                     ^^^^^^^^^^^^^^^^^^^^^
  File "/home/airflow/.local/lib/python3.12/site-packages/psycopg2/extras.py", line 1299, in execute_values
    cur.execute(b''.join(parts))
sqlalchemy.exc.ProgrammingError: (psycopg2.errors.UndefinedColumn) column "timestamp" of relation "raw_weather_hourly" does not exist
LINE 1: ...NSERT INTO dbttest.raw_weather_hourly (outlet_id, timestamp,...
                                                             ^

[SQL: INSERT INTO dbttest.raw_weather_hourly (outlet_id, timestamp, temperature_2m, relative_humidity_2m, wind_speed_10m) VALUES (%(outlet_id)s, %(timestamp)s, %(temperature_2m)s, %(relative_humidity_2m)s, %(wind_speed_10m)s)]
[parameters: ({'outlet_id': 1, 'timestamp': '2025-11-26T00:00', 'temperature_2m': 0.3, 'relative_humidity_2m': 90, 'wind_speed_10m': 9.0}, {'outlet_id': 1, 'timestamp': '2025-11-26T01:00', 'temperature_2m': 0.4, 'relative_humidity_2m': 88, 'wind_speed_10m': 8.8}, {'outlet_id': 1, 'timestamp': '2025-11-26T02:00', 'temperature_2m': 0.3, 'relative_humidity_2m': 86, 'wind_speed_10m': 9.7}, {'outlet_id': 1, 'timestamp': '2025-11-26T03:00', 'temperature_2m': 0.5, 'relative_humidity_2m': 86, 'wind_speed_10m': 9.3}, {'outlet_id': 1, 'timestamp': '2025-11-26T04:00', 'temperature_2m': 0.1, 'relative_humidity_2m': 85, 'wind_speed_10m': 10.0}, {'outlet_id': 1, 'timestamp': '2025-11-26T05:00', 'temperature_2m': -0.2, 'relative_humidity_2m': 87, 'wind_speed_10m': 10.6}, {'outlet_id': 1, 'timestamp': '2025-11-26T06:00', 'temperature_2m': -0.3, 'relative_humidity_2m': 87, 'wind_speed_10m': 9.4}, {'outlet_id': 1, 'timestamp': '2025-11-26T07:00', 'temperature_2m': -0.5, 'relative_humidity_2m': 89, 'wind_speed_10m': 9.4}  ... displaying 10 of 336 total bound parameter sets ...  {'outlet_id': 2, 'timestamp': '2025-12-02T22:00', 'temperature_2m': 1.7, 'relative_humidity_2m': 95, 'wind_speed_10m': 3.9}, {'outlet_id': 2, 'timestamp': '2025-12-02T23:00', 'temperature_2m': 1.8, 'relative_humidity_2m': 96, 'wind_speed_10m': 4.3})]
(Background on this error at: https://sqlalche.me/e/14/f405)
[2025-11-26T10:17:28.558+0000] {taskinstance.py:1225} INFO - Marking task as FAILED. dag_id=fetch_weather_dag, task_id=load_weather_task, run_id=manual__2025-11-26T10:17:10.954988+00:00, execution_date=20251126T101710, start_date=20251126T101727, end_date=20251126T101728
[2025-11-26T10:17:28.583+0000] {taskinstance.py:340} INFO - ::group::Post task execution logs
[2025-11-26T10:17:28.584+0000] {standard_task_runner.py:124} ERROR - Failed to execute job 21 for task load_weather_task ((psycopg2.errors.UndefinedColumn) column "timestamp" of relation "raw_weather_hourly" does not exist
LINE 1: ...NSERT INTO dbttest.raw_weather_hourly (outlet_id, timestamp,...
                                                             ^

[SQL: INSERT INTO dbttest.raw_weather_hourly (outlet_id, timestamp, temperature_2m, relative_humidity_2m, wind_speed_10m) VALUES (%(outlet_id)s, %(timestamp)s, %(temperature_2m)s, %(relative_humidity_2m)s, %(wind_speed_10m)s)]
[parameters: ({'outlet_id': 1, 'timestamp': '2025-11-26T00:00', 'temperature_2m': 0.3, 'relative_humidity_2m': 90, 'wind_speed_10m': 9.0}, {'outlet_id': 1, 'timestamp': '2025-11-26T01:00', 'temperature_2m': 0.4, 'relative_humidity_2m': 88, 'wind_speed_10m': 8.8}, {'outlet_id': 1, 'timestamp': '2025-11-26T02:00', 'temperature_2m': 0.3, 'relative_humidity_2m': 86, 'wind_speed_10m': 9.7}, {'outlet_id': 1, 'timestamp': '2025-11-26T03:00', 'temperature_2m': 0.5, 'relative_humidity_2m': 86, 'wind_speed_10m': 9.3}, {'outlet_id': 1, 'timestamp': '2025-11-26T04:00', 'temperature_2m': 0.1, 'relative_humidity_2m': 85, 'wind_speed_10m': 10.0}, {'outlet_id': 1, 'timestamp': '2025-11-26T05:00', 'temperature_2m': -0.2, 'relative_humidity_2m': 87, 'wind_speed_10m': 10.6}, {'outlet_id': 1, 'timestamp': '2025-11-26T06:00', 'temperature_2m': -0.3, 'relative_humidity_2m': 87, 'wind_speed_10m': 9.4}, {'outlet_id': 1, 'timestamp': '2025-11-26T07:00', 'temperature_2m': -0.5, 'relative_humidity_2m': 89, 'wind_speed_10m': 9.4}  ... displaying 10 of 336 total bound parameter sets ...  {'outlet_id': 2, 'timestamp': '2025-12-02T22:00', 'temperature_2m': 1.7, 'relative_humidity_2m': 95, 'wind_speed_10m': 3.9}, {'outlet_id': 2, 'timestamp': '2025-12-02T23:00', 'temperature_2m': 1.8, 'relative_humidity_2m': 96, 'wind_speed_10m': 4.3})]
(Background on this error at: https://sqlalche.me/e/14/f405); 372)
Traceback (most recent call last):
  File "/home/airflow/.local/lib/python3.12/site-packages/sqlalchemy/engine/base.py", line 1890, in _execute_context
    self.dialect.do_executemany(
  File "/home/airflow/.local/lib/python3.12/site-packages/sqlalchemy/dialects/postgresql/psycopg2.py", line 982, in do_executemany
    context._psycopg2_fetched_rows = xtras.execute_values(
                                     ^^^^^^^^^^^^^^^^^^^^^
  File "/home/airflow/.local/lib/python3.12/site-packages/psycopg2/extras.py", line 1299, in execute_values
    cur.execute(b''.join(parts))
psycopg2.errors.UndefinedColumn: column "timestamp" of relation "raw_weather_hourly" does not exist
LINE 1: ...NSERT INTO dbttest.raw_weather_hourly (outlet_id, timestamp,...
                                                             ^


The above exception was the direct cause of the following exception:

Traceback (most recent call last):
  File "/home/airflow/.local/lib/python3.12/site-packages/airflow/task/task_runner/standard_task_runner.py", line 117, in _start_by_fork
    ret = args.func(args, dag=self.dag)
          ^^^^^^^^^^^^^^^^^^^^^^^^^^^^^
  File "/home/airflow/.local/lib/python3.12/site-packages/airflow/cli/cli_config.py", line 49, in command
    return func(*args, **kwargs)
           ^^^^^^^^^^^^^^^^^^^^^
  File "/home/airflow/.local/lib/python3.12/site-packages/airflow/utils/cli.py", line 115, in wrapper
    return f(*args, **kwargs)
           ^^^^^^^^^^^^^^^^^^
  File "/home/airflow/.local/lib/python3.12/site-packages/airflow/cli/commands/task_command.py", line 483, in task_run
    task_return_code = _run_task_by_selected_method(args, _dag, ti)
                       ^^^^^^^^^^^^^^^^^^^^^^^^^^^^^^^^^^^^^^^^^^^^
  File "/home/airflow/.local/lib/python3.12/site-packages/airflow/cli/commands/task_command.py", line 256, in _run_task_by_selected_method
    return _run_raw_task(args, ti)
           ^^^^^^^^^^^^^^^^^^^^^^^
  File "/home/airflow/.local/lib/python3.12/site-packages/airflow/cli/commands/task_command.py", line 341, in _run_raw_task
    return ti._run_raw_task(
           ^^^^^^^^^^^^^^^^^
  File "/home/airflow/.local/lib/python3.12/site-packages/airflow/utils/session.py", line 97, in wrapper
    return func(*args, session=session, **kwargs)
           ^^^^^^^^^^^^^^^^^^^^^^^^^^^^^^^^^^^^^^
  File "/home/airflow/.local/lib/python3.12/site-packages/airflow/models/taskinstance.py", line 3004, in _run_raw_task
    return _run_raw_task(
           ^^^^^^^^^^^^^^
  File "/home/airflow/.local/lib/python3.12/site-packages/airflow/models/taskinstance.py", line 273, in _run_raw_task
    TaskInstance._execute_task_with_callbacks(
  File "/home/airflow/.local/lib/python3.12/site-packages/airflow/models/taskinstance.py", line 3158, in _execute_task_with_callbacks
    result = self._execute_task(context, task_orig)
             ^^^^^^^^^^^^^^^^^^^^^^^^^^^^^^^^^^^^^^
  File "/home/airflow/.local/lib/python3.12/site-packages/airflow/models/taskinstance.py", line 3182, in _execute_task
    return _execute_task(self, context, task_orig)
           ^^^^^^^^^^^^^^^^^^^^^^^^^^^^^^^^^^^^^^^
  File "/home/airflow/.local/lib/python3.12/site-packages/airflow/models/taskinstance.py", line 767, in _execute_task
    result = _execute_callable(context=context, **execute_callable_kwargs)
             ^^^^^^^^^^^^^^^^^^^^^^^^^^^^^^^^^^^^^^^^^^^^^^^^^^^^^^^^^^^^^
  File "/home/airflow/.local/lib/python3.12/site-packages/airflow/models/taskinstance.py", line 733, in _execute_callable
    return ExecutionCallableRunner(
           ^^^^^^^^^^^^^^^^^^^^^^^^
  File "/home/airflow/.local/lib/python3.12/site-packages/airflow/utils/operator_helpers.py", line 252, in run
    return self.func(*args, **kwargs)
           ^^^^^^^^^^^^^^^^^^^^^^^^^^
  File "/home/airflow/.local/lib/python3.12/site-packages/airflow/models/baseoperator.py", line 406, in wrapper
    return func(self, *args, **kwargs)
           ^^^^^^^^^^^^^^^^^^^^^^^^^^^
  File "/home/airflow/.local/lib/python3.12/site-packages/airflow/operators/python.py", line 238, in execute
    return_value = self.execute_callable()
                   ^^^^^^^^^^^^^^^^^^^^^^^
  File "/home/airflow/.local/lib/python3.12/site-packages/airflow/operators/python.py", line 256, in execute_callable
    return runner.run(*self.op_args, **self.op_kwargs)
           ^^^^^^^^^^^^^^^^^^^^^^^^^^^^^^^^^^^^^^^^^^^
  File "/home/airflow/.local/lib/python3.12/site-packages/airflow/utils/operator_helpers.py", line 252, in run
    return self.func(*args, **kwargs)
           ^^^^^^^^^^^^^^^^^^^^^^^^^^
  File "/opt/airflow/dags/fetch_weather_dag.py", line 69, in load_weather
    df.to_sql(
  File "/home/airflow/.local/lib/python3.12/site-packages/pandas/util/_decorators.py", line 333, in wrapper
    return func(*args, **kwargs)
           ^^^^^^^^^^^^^^^^^^^^^
  File "/home/airflow/.local/lib/python3.12/site-packages/pandas/core/generic.py", line 3008, in to_sql
    return sql.to_sql(
           ^^^^^^^^^^^
  File "/home/airflow/.local/lib/python3.12/site-packages/pandas/io/sql.py", line 788, in to_sql
    return pandas_sql.to_sql(
           ^^^^^^^^^^^^^^^^^^
  File "/home/airflow/.local/lib/python3.12/site-packages/pandas/io/sql.py", line 1958, in to_sql
    total_inserted = sql_engine.insert_records(
                     ^^^^^^^^^^^^^^^^^^^^^^^^^^
  File "/home/airflow/.local/lib/python3.12/site-packages/pandas/io/sql.py", line 1507, in insert_records
    raise err
  File "/home/airflow/.local/lib/python3.12/site-packages/pandas/io/sql.py", line 1498, in insert_records
    return table.insert(chunksize=chunksize, method=method)
           ^^^^^^^^^^^^^^^^^^^^^^^^^^^^^^^^^^^^^^^^^^^^^^^^
  File "/home/airflow/.local/lib/python3.12/site-packages/pandas/io/sql.py", line 1059, in insert
    num_inserted = exec_insert(conn, keys, chunk_iter)
                   ^^^^^^^^^^^^^^^^^^^^^^^^^^^^^^^^^^^
  File "/home/airflow/.local/lib/python3.12/site-packages/pandas/io/sql.py", line 951, in _execute_insert
    result = conn.execute(self.table.insert(), data)
             ^^^^^^^^^^^^^^^^^^^^^^^^^^^^^^^^^^^^^^^
  File "/home/airflow/.local/lib/python3.12/site-packages/sqlalchemy/engine/base.py", line 1385, in execute
    return meth(self, multiparams, params, _EMPTY_EXECUTION_OPTS)
           ^^^^^^^^^^^^^^^^^^^^^^^^^^^^^^^^^^^^^^^^^^^^^^^^^^^^^^
  File "/home/airflow/.local/lib/python3.12/site-packages/sqlalchemy/sql/elements.py", line 334, in _execute_on_connection
    return connection._execute_clauseelement(
           ^^^^^^^^^^^^^^^^^^^^^^^^^^^^^^^^^^
  File "/home/airflow/.local/lib/python3.12/site-packages/sqlalchemy/engine/base.py", line 1577, in _execute_clauseelement
    ret = self._execute_context(
          ^^^^^^^^^^^^^^^^^^^^^^
  File "/home/airflow/.local/lib/python3.12/site-packages/sqlalchemy/engine/base.py", line 1953, in _execute_context
    self._handle_dbapi_exception(
  File "/home/airflow/.local/lib/python3.12/site-packages/sqlalchemy/engine/base.py", line 2134, in _handle_dbapi_exception
    util.raise_(
  File "/home/airflow/.local/lib/python3.12/site-packages/sqlalchemy/util/compat.py", line 211, in raise_
    raise exception
  File "/home/airflow/.local/lib/python3.12/site-packages/sqlalchemy/engine/base.py", line 1890, in _execute_context
    self.dialect.do_executemany(
  File "/home/airflow/.local/lib/python3.12/site-packages/sqlalchemy/dialects/postgresql/psycopg2.py", line 982, in do_executemany
    context._psycopg2_fetched_rows = xtras.execute_values(
                                     ^^^^^^^^^^^^^^^^^^^^^
  File "/home/airflow/.local/lib/python3.12/site-packages/psycopg2/extras.py", line 1299, in execute_values
    cur.execute(b''.join(parts))
sqlalchemy.exc.ProgrammingError: (psycopg2.errors.UndefinedColumn) column "timestamp" of relation "raw_weather_hourly" does not exist
LINE 1: ...NSERT INTO dbttest.raw_weather_hourly (outlet_id, timestamp,...
                                                             ^

[SQL: INSERT INTO dbttest.raw_weather_hourly (outlet_id, timestamp, temperature_2m, relative_humidity_2m, wind_speed_10m) VALUES (%(outlet_id)s, %(timestamp)s, %(temperature_2m)s, %(relative_humidity_2m)s, %(wind_speed_10m)s)]
[parameters: ({'outlet_id': 1, 'timestamp': '2025-11-26T00:00', 'temperature_2m': 0.3, 'relative_humidity_2m': 90, 'wind_speed_10m': 9.0}, {'outlet_id': 1, 'timestamp': '2025-11-26T01:00', 'temperature_2m': 0.4, 'relative_humidity_2m': 88, 'wind_speed_10m': 8.8}, {'outlet_id': 1, 'timestamp': '2025-11-26T02:00', 'temperature_2m': 0.3, 'relative_humidity_2m': 86, 'wind_speed_10m': 9.7}, {'outlet_id': 1, 'timestamp': '2025-11-26T03:00', 'temperature_2m': 0.5, 'relative_humidity_2m': 86, 'wind_speed_10m': 9.3}, {'outlet_id': 1, 'timestamp': '2025-11-26T04:00', 'temperature_2m': 0.1, 'relative_humidity_2m': 85, 'wind_speed_10m': 10.0}, {'outlet_id': 1, 'timestamp': '2025-11-26T05:00', 'temperature_2m': -0.2, 'relative_humidity_2m': 87, 'wind_speed_10m': 10.6}, {'outlet_id': 1, 'timestamp': '2025-11-26T06:00', 'temperature_2m': -0.3, 'relative_humidity_2m': 87, 'wind_speed_10m': 9.4}, {'outlet_id': 1, 'timestamp': '2025-11-26T07:00', 'temperature_2m': -0.5, 'relative_humidity_2m': 89, 'wind_speed_10m': 9.4}  ... displaying 10 of 336 total bound parameter sets ...  {'outlet_id': 2, 'timestamp': '2025-12-02T22:00', 'temperature_2m': 1.7, 'relative_humidity_2m': 95, 'wind_speed_10m': 3.9}, {'outlet_id': 2, 'timestamp': '2025-12-02T23:00', 'temperature_2m': 1.8, 'relative_humidity_2m': 96, 'wind_speed_10m': 4.3})]
(Background on this error at: https://sqlalche.me/e/14/f405)
[2025-11-26T10:17:28.614+0000] {local_task_job_runner.py:266} INFO - Task exited with return code 1
[2025-11-26T10:17:28.644+0000] {taskinstance.py:3900} INFO - 0 downstream tasks scheduled from follow-on schedule check
[2025-11-26T10:17:28.649+0000] {local_task_job_runner.py:245} INFO - ::endgroup::
